<?xml version="1.0" encoding="UTF-8"?>
<testsuite name="AdjuntarArchivo" tests="1" skipped="0" failures="0" errors="0" timestamp="2021-12-29T16:19:23" hostname="22LAP5CG0525FHD" time="11.669">
  <properties/>
  <testcase name="adjuntarArchivo()" classname="AdjuntarArchivo" time="11.669"/>
  <system-out><![CDATA[]]></system-out>
  <system-err><![CDATA[Starting ChromeDriver 96.0.4664.45 (76e4c1bb2ab4671b8beba3444e61c0f17584b2fc-refs/branch-heads/4664@{#947}) on port 14881
Only local connections are allowed.
Please see https://chromedriver.chromium.org/security-considerations for suggestions on keeping ChromeDriver safe.
ChromeDriver was started successfully.
dic 29, 2021 11:19:30 AM org.openqa.selenium.remote.ProtocolHandshake createSession
INFORMACIÓN: Detected dialect: W3C
]]></system-err>
</testsuite>
